<?xml version="1.0" encoding="UTF-8"?>
<!-- Generated by org.testng.reporters.JUnitReportReporter -->
<testsuite hostname="DESKTOP-T64MA69" failures="0" tests="9" name="api.test.DDTests" time="10.260" errors="0" timestamp="2024-11-09T17:09:44 IST" skipped="0">
  <testcase classname="api.test.DDTests" name="testPostUser" time="1.198"/>
  <system-out/>
  <testcase classname="api.test.DDTests" name="testPostUser" time="1.062"/>
  <system-out/>
  <testcase classname="api.test.DDTests" name="testPostUser" time="1.211"/>
  <system-out/>
  <testcase classname="api.test.DDTests" name="testGetUserByUserNames" time="1.308"/>
  <system-out/>
  <testcase classname="api.test.DDTests" name="testGetUserByUserNames" time="1.073"/>
  <system-out/>
  <testcase classname="api.test.DDTests" name="testGetUserByUserNames" time="1.115"/>
  <system-out/>
  <testcase classname="api.test.DDTests" name="testDeleteByUserNames" time="1.063"/>
  <system-out/>
  <testcase classname="api.test.DDTests" name="testDeleteByUserNames" time="1.047"/>
  <system-out/>
  <testcase classname="api.test.DDTests" name="testDeleteByUserNames" time="1.183"/>
  <system-out/>
</testsuite> <!-- api.test.DDTests -->
