<?xml version="1.0" encoding="UTF-8"?>
<!-- Generated by org.testng.reporters.JUnitReportReporter -->
<testsuite hostname="DESKTOP-T64MA69" failures="0" tests="4" name="api.test.PetTest" time="5.860" errors="0" timestamp="2024-11-09T17:09:44 IST" skipped="0">
  <testcase classname="api.test.PetTest" name="testPostPet" time="1.109"/>
  <system-out/>
  <testcase classname="api.test.PetTest" name="getPetByPetId" time="1.090"/>
  <system-out/>
  <testcase classname="api.test.PetTest" name="updatePetByPetId" time="2.490"/>
  <system-out/>
  <testcase classname="api.test.PetTest" name="deletePetByPetId" time="1.171"/>
  <system-out/>
</testsuite> <!-- api.test.PetTest -->
