<?xml version="1.0" encoding="UTF-8"?>
<!-- Generated by org.testng.reporters.JUnitReportReporter -->
<testsuite hostname="DESKTOP-T64MA69" failures="0" tests="4" name="api.test.UserTest" time="6.998" errors="0" timestamp="2024-11-09T17:09:44 IST" skipped="0">
  <testcase classname="api.test.UserTest" name="testPostUser" time="2.363"/>
  <system-out/>
  <testcase classname="api.test.UserTest" name="getUserByName" time="1.200"/>
  <system-out/>
  <testcase classname="api.test.UserTest" name="updateUserByUserName" time="2.260"/>
  <system-out/>
  <testcase classname="api.test.UserTest" name="deleteUserByUserName" time="1.175"/>
  <system-out/>
</testsuite> <!-- api.test.UserTest -->
