<?xml version="1.0" encoding="UTF-8"?>
<!-- Generated by org.testng.reporters.JUnitReportReporter -->
<testsuite hostname="DESKTOP-T64MA69" failures="0" tests="4" name="api.test.StoreTests" time="4.447" errors="0" timestamp="2024-11-09T17:09:44 IST" skipped="0">
  <testcase classname="api.test.StoreTests" name="placeOrder" time="1.098"/>
  <system-out/>
  <testcase classname="api.test.StoreTests" name="getOrderByOrderId" time="1.184"/>
  <system-out/>
  <testcase classname="api.test.StoreTests" name="getInventory" time="1.082"/>
  <system-out/>
  <testcase classname="api.test.StoreTests" name="deleteOrderByOrderId" time="1.083"/>
  <system-out/>
</testsuite> <!-- api.test.StoreTests -->
