<?xml version="1.0" encoding="UTF-8"?>
<!-- Generated by org.testng.reporters.JUnitReportReporter -->
<testsuite hostname="DESKTOP-T64MA69" failures="0" tests="4" name="api.test.UserTest" time="7.493" errors="0" timestamp="2024-11-09T17:15:10 IST" skipped="0">
  <testcase classname="api.test.UserTest" name="testPostUser" time="2.726"/>
  <testcase classname="api.test.UserTest" name="getUserByName" time="1.225"/>
  <testcase classname="api.test.UserTest" name="updateUserByUserName" time="2.276"/>
  <testcase classname="api.test.UserTest" name="deleteUserByUserName" time="1.266"/>
</testsuite> <!-- api.test.UserTest -->
