<?xml version="1.0" encoding="UTF-8"?>
<!-- Generated by org.testng.reporters.JUnitReportReporter -->
<testsuite hostname="DESKTOP-T64MA69" failures="0" tests="9" name="api.test.DDTests" time="10.140" errors="0" timestamp="2024-11-09T17:15:10 IST" skipped="0">
  <testcase classname="api.test.DDTests" name="testPostUser" time="1.102"/>
  <testcase classname="api.test.DDTests" name="testPostUser" time="1.160"/>
  <testcase classname="api.test.DDTests" name="testPostUser" time="1.101"/>
  <testcase classname="api.test.DDTests" name="testGetUserByUserNames" time="1.170"/>
  <testcase classname="api.test.DDTests" name="testGetUserByUserNames" time="1.061"/>
  <testcase classname="api.test.DDTests" name="testGetUserByUserNames" time="1.211"/>
  <testcase classname="api.test.DDTests" name="testDeleteByUserNames" time="1.082"/>
  <testcase classname="api.test.DDTests" name="testDeleteByUserNames" time="1.068"/>
  <testcase classname="api.test.DDTests" name="testDeleteByUserNames" time="1.185"/>
</testsuite> <!-- api.test.DDTests -->
