<?xml version="1.0" encoding="UTF-8"?>
<!-- Generated by org.testng.reporters.JUnitReportReporter -->
<testsuite hostname="DESKTOP-T64MA69" failures="0" tests="4" name="api.test.PetTest" time="5.708" errors="0" timestamp="2024-11-09T17:15:10 IST" skipped="0">
  <testcase classname="api.test.PetTest" name="testPostPet" time="1.197"/>
  <testcase classname="api.test.PetTest" name="getPetByPetId" time="1.083"/>
  <testcase classname="api.test.PetTest" name="updatePetByPetId" time="2.301"/>
  <testcase classname="api.test.PetTest" name="deletePetByPetId" time="1.127"/>
</testsuite> <!-- api.test.PetTest -->
