<?xml version="1.0" encoding="UTF-8"?>
<!-- Generated by org.testng.reporters.JUnitReportReporter -->
<testsuite hostname="DESKTOP-T64MA69" failures="0" tests="4" name="api.test.StoreTests" time="4.458" errors="0" timestamp="2024-11-09T17:15:10 IST" skipped="0">
  <testcase classname="api.test.StoreTests" name="placeOrder" time="1.206"/>
  <testcase classname="api.test.StoreTests" name="getInventory" time="1.099"/>
  <testcase classname="api.test.StoreTests" name="getOrderByOrderId" time="1.069"/>
  <testcase classname="api.test.StoreTests" name="deleteOrderByOrderId" time="1.084"/>
</testsuite> <!-- api.test.StoreTests -->
